mode: set
route256/checkout/internal/service/checkout/add_to_cart.go:14.94,15.87 1 0
route256/checkout/internal/service/checkout/add_to_cart.go:15.87,17.17 2 0
route256/checkout/internal/service/checkout/add_to_cart.go:17.17,19.4 1 0
route256/checkout/internal/service/checkout/add_to_cart.go:21.3,23.43 2 0
route256/checkout/internal/service/checkout/add_to_cart.go:23.43,25.4 1 0
route256/checkout/internal/service/checkout/add_to_cart.go:27.3,28.17 2 0
route256/checkout/internal/service/checkout/add_to_cart.go:28.17,30.4 1 0
route256/checkout/internal/service/checkout/add_to_cart.go:32.3,32.13 1 0
route256/checkout/internal/service/checkout/add_to_cart.go:34.2,34.16 1 0
route256/checkout/internal/service/checkout/add_to_cart.go:34.16,36.3 1 0
route256/checkout/internal/service/checkout/add_to_cart.go:38.2,38.12 1 0
route256/checkout/internal/service/checkout/add_to_cart.go:41.60,43.31 2 0
route256/checkout/internal/service/checkout/add_to_cart.go:43.31,45.27 2 0
route256/checkout/internal/service/checkout/add_to_cart.go:45.27,46.9 1 0
route256/checkout/internal/service/checkout/add_to_cart.go:50.2,50.29 1 0
route256/checkout/internal/service/checkout/delete_from_cart.go:12.99,13.87 1 0
route256/checkout/internal/service/checkout/delete_from_cart.go:13.87,16.17 2 0
route256/checkout/internal/service/checkout/delete_from_cart.go:16.17,18.4 1 0
route256/checkout/internal/service/checkout/delete_from_cart.go:20.3,20.24 1 0
route256/checkout/internal/service/checkout/delete_from_cart.go:20.24,22.4 1 0
route256/checkout/internal/service/checkout/delete_from_cart.go:24.3,25.17 2 0
route256/checkout/internal/service/checkout/delete_from_cart.go:25.17,27.4 1 0
route256/checkout/internal/service/checkout/delete_from_cart.go:29.3,29.13 1 0
route256/checkout/internal/service/checkout/delete_from_cart.go:31.2,31.16 1 0
route256/checkout/internal/service/checkout/delete_from_cart.go:31.16,33.3 1 0
route256/checkout/internal/service/checkout/delete_from_cart.go:35.2,35.12 1 0
route256/checkout/internal/service/checkout/list_cart.go:25.91,28.16 2 1
route256/checkout/internal/service/checkout/list_cart.go:28.16,30.3 1 1
route256/checkout/internal/service/checkout/list_cart.go:32.2,38.30 4 1
route256/checkout/internal/service/checkout/list_cart.go:38.30,43.49 3 1
route256/checkout/internal/service/checkout/list_cart.go:43.49,53.4 3 1
route256/checkout/internal/service/checkout/list_cart.go:54.3,54.17 1 1
route256/checkout/internal/service/checkout/list_cart.go:54.17,56.4 1 0
route256/checkout/internal/service/checkout/list_cart.go:58.2,63.38 4 1
route256/checkout/internal/service/checkout/list_cart.go:63.38,65.25 2 1
route256/checkout/internal/service/checkout/list_cart.go:65.25,67.4 1 0
route256/checkout/internal/service/checkout/list_cart.go:70.3,71.100 2 1
route256/checkout/internal/service/checkout/list_cart.go:75.2,76.29 2 1
route256/checkout/internal/service/checkout/list_cart.go:76.29,78.3 1 1
route256/checkout/internal/service/checkout/list_cart.go:79.2,84.8 2 1
route256/checkout/internal/service/checkout/mock_CartLister.go:18.92,23.82 4 1
route256/checkout/internal/service/checkout/mock_CartLister.go:23.82,25.3 1 0
route256/checkout/internal/service/checkout/mock_CartLister.go:26.2,26.73 1 1
route256/checkout/internal/service/checkout/mock_CartLister.go:26.73,28.3 1 0
route256/checkout/internal/service/checkout/mock_CartLister.go:28.8,30.3 1 1
route256/checkout/internal/service/checkout/mock_CartLister.go:32.2,32.68 1 1
route256/checkout/internal/service/checkout/mock_CartLister.go:32.68,34.3 1 0
route256/checkout/internal/service/checkout/mock_CartLister.go:34.8,36.3 1 1
route256/checkout/internal/service/checkout/mock_CartLister.go:38.2,38.15 1 1
route256/checkout/internal/service/checkout/mock_CartLister.go:46.20,50.19 3 1
route256/checkout/internal/service/checkout/mock_CartLister.go:50.19,50.49 1 1
route256/checkout/internal/service/checkout/mock_CartLister.go:52.2,52.13 1 1
route256/checkout/internal/service/checkout/mock_CartRepository.go:18.106,22.83 3 0
route256/checkout/internal/service/checkout/mock_CartRepository.go:22.83,24.3 1 0
route256/checkout/internal/service/checkout/mock_CartRepository.go:24.8,26.3 1 0
route256/checkout/internal/service/checkout/mock_CartRepository.go:28.2,28.11 1 0
route256/checkout/internal/service/checkout/mock_CartRepository.go:32.111,36.83 3 0
route256/checkout/internal/service/checkout/mock_CartRepository.go:36.83,38.3 1 0
route256/checkout/internal/service/checkout/mock_CartRepository.go:38.8,40.3 1 0
route256/checkout/internal/service/checkout/mock_CartRepository.go:42.2,42.11 1 0
route256/checkout/internal/service/checkout/mock_CartRepository.go:46.99,51.83 4 1
route256/checkout/internal/service/checkout/mock_CartRepository.go:51.83,53.3 1 0
route256/checkout/internal/service/checkout/mock_CartRepository.go:54.2,54.74 1 1
route256/checkout/internal/service/checkout/mock_CartRepository.go:54.74,56.3 1 0
route256/checkout/internal/service/checkout/mock_CartRepository.go:56.8,57.24 1 1
route256/checkout/internal/service/checkout/mock_CartRepository.go:57.24,59.4 1 1
route256/checkout/internal/service/checkout/mock_CartRepository.go:62.2,62.67 1 1
route256/checkout/internal/service/checkout/mock_CartRepository.go:62.67,64.3 1 0
route256/checkout/internal/service/checkout/mock_CartRepository.go:64.8,66.3 1 1
route256/checkout/internal/service/checkout/mock_CartRepository.go:68.2,68.15 1 1
route256/checkout/internal/service/checkout/mock_CartRepository.go:72.112,77.85 4 0
route256/checkout/internal/service/checkout/mock_CartRepository.go:77.85,79.3 1 0
route256/checkout/internal/service/checkout/mock_CartRepository.go:80.2,80.76 1 0
route256/checkout/internal/service/checkout/mock_CartRepository.go:80.76,82.3 1 0
route256/checkout/internal/service/checkout/mock_CartRepository.go:82.8,84.3 1 0
route256/checkout/internal/service/checkout/mock_CartRepository.go:86.2,86.75 1 0
route256/checkout/internal/service/checkout/mock_CartRepository.go:86.75,88.3 1 0
route256/checkout/internal/service/checkout/mock_CartRepository.go:88.8,90.3 1 0
route256/checkout/internal/service/checkout/mock_CartRepository.go:92.2,92.15 1 0
route256/checkout/internal/service/checkout/mock_CartRepository.go:100.24,104.19 3 1
route256/checkout/internal/service/checkout/mock_CartRepository.go:104.19,104.49 1 1
route256/checkout/internal/service/checkout/mock_CartRepository.go:106.2,106.13 1 1
route256/checkout/internal/service/checkout/mock_OrderCreator.go:18.106,23.90 4 1
route256/checkout/internal/service/checkout/mock_OrderCreator.go:23.90,25.3 1 0
route256/checkout/internal/service/checkout/mock_OrderCreator.go:26.2,26.81 1 1
route256/checkout/internal/service/checkout/mock_OrderCreator.go:26.81,28.3 1 0
route256/checkout/internal/service/checkout/mock_OrderCreator.go:28.8,30.3 1 1
route256/checkout/internal/service/checkout/mock_OrderCreator.go:32.2,32.81 1 1
route256/checkout/internal/service/checkout/mock_OrderCreator.go:32.81,34.3 1 0
route256/checkout/internal/service/checkout/mock_OrderCreator.go:34.8,36.3 1 1
route256/checkout/internal/service/checkout/mock_OrderCreator.go:38.2,38.15 1 1
route256/checkout/internal/service/checkout/mock_OrderCreator.go:46.22,50.19 3 1
route256/checkout/internal/service/checkout/mock_OrderCreator.go:50.19,50.49 1 1
route256/checkout/internal/service/checkout/mock_OrderCreator.go:52.2,52.13 1 1
route256/checkout/internal/service/checkout/purchase.go:13.76,15.16 2 1
route256/checkout/internal/service/checkout/purchase.go:15.16,17.3 1 1
route256/checkout/internal/service/checkout/purchase.go:19.2,20.16 2 1
route256/checkout/internal/service/checkout/purchase.go:20.16,22.3 1 1
route256/checkout/internal/service/checkout/purchase.go:24.2,26.21 2 1
route256/checkout/internal/service/checkout/service.go:43.70,51.2 1 0
