mode: set
route256/loms/internal/service/loms/cancel_order.go:9.73,13.16 3 0
route256/loms/internal/service/loms/cancel_order.go:13.16,15.3 1 0
route256/loms/internal/service/loms/cancel_order.go:17.2,17.34 1 0
route256/loms/internal/service/loms/cancel_order.go:17.34,19.3 1 0
route256/loms/internal/service/loms/cancel_order.go:21.2,21.86 1 0
route256/loms/internal/service/loms/cancel_order.go:21.86,23.17 2 0
route256/loms/internal/service/loms/cancel_order.go:23.17,25.4 1 0
route256/loms/internal/service/loms/cancel_order.go:27.3,28.17 2 0
route256/loms/internal/service/loms/cancel_order.go:28.17,30.4 1 0
route256/loms/internal/service/loms/cancel_order.go:32.3,32.34 1 0
route256/loms/internal/service/loms/cancel_order.go:32.34,34.18 2 0
route256/loms/internal/service/loms/cancel_order.go:34.18,36.5 1 0
route256/loms/internal/service/loms/cancel_order.go:39.3,39.13 1 0
route256/loms/internal/service/loms/cancel_order.go:41.2,41.16 1 0
route256/loms/internal/service/loms/cancel_order.go:41.16,43.3 1 0
route256/loms/internal/service/loms/cancel_order.go:45.2,46.16 2 0
route256/loms/internal/service/loms/cancel_order.go:46.16,48.3 1 0
route256/loms/internal/service/loms/cancel_order.go:50.2,52.12 2 0
route256/loms/internal/service/loms/create_order.go:11.108,16.87 3 0
route256/loms/internal/service/loms/create_order.go:16.87,18.34 2 0
route256/loms/internal/service/loms/create_order.go:18.34,20.18 2 0
route256/loms/internal/service/loms/create_order.go:20.18,22.5 1 0
route256/loms/internal/service/loms/create_order.go:24.4,27.33 3 0
route256/loms/internal/service/loms/create_order.go:27.33,30.27 2 0
route256/loms/internal/service/loms/create_order.go:30.27,31.11 1 0
route256/loms/internal/service/loms/create_order.go:34.5,34.37 1 0
route256/loms/internal/service/loms/create_order.go:34.37,40.6 2 0
route256/loms/internal/service/loms/create_order.go:40.11,46.6 2 0
route256/loms/internal/service/loms/create_order.go:49.4,49.43 1 0
route256/loms/internal/service/loms/create_order.go:49.43,51.5 1 0
route256/loms/internal/service/loms/create_order.go:53.4,53.46 1 0
route256/loms/internal/service/loms/create_order.go:53.46,55.19 2 0
route256/loms/internal/service/loms/create_order.go:55.19,57.6 1 0
route256/loms/internal/service/loms/create_order.go:59.5,63.7 1 0
route256/loms/internal/service/loms/create_order.go:67.3,68.17 2 0
route256/loms/internal/service/loms/create_order.go:68.17,70.4 1 0
route256/loms/internal/service/loms/create_order.go:72.3,73.17 2 0
route256/loms/internal/service/loms/create_order.go:73.17,75.4 1 0
route256/loms/internal/service/loms/create_order.go:77.3,78.13 2 0
route256/loms/internal/service/loms/create_order.go:80.2,80.16 1 0
route256/loms/internal/service/loms/create_order.go:80.16,82.3 1 0
route256/loms/internal/service/loms/create_order.go:84.2,85.16 2 0
route256/loms/internal/service/loms/create_order.go:85.16,87.3 1 0
route256/loms/internal/service/loms/create_order.go:89.2,89.21 1 0
route256/loms/internal/service/loms/list_order.go:11.86,15.16 3 0
route256/loms/internal/service/loms/list_order.go:15.16,17.3 1 0
route256/loms/internal/service/loms/list_order.go:19.2,19.19 1 0
route256/loms/internal/service/loms/mock_Sender.go:17.72,21.66 3 1
route256/loms/internal/service/loms/mock_Sender.go:21.66,23.3 1 0
route256/loms/internal/service/loms/mock_Sender.go:23.8,25.3 1 1
route256/loms/internal/service/loms/mock_Sender.go:27.2,27.11 1 1
route256/loms/internal/service/loms/mock_Sender.go:35.16,39.19 3 1
route256/loms/internal/service/loms/mock_Sender.go:39.19,39.49 1 1
route256/loms/internal/service/loms/mock_Sender.go:41.2,41.13 1 1
route256/loms/internal/service/loms/notify_order_update.go:11.83,18.16 3 1
route256/loms/internal/service/loms/notify_order_update.go:18.16,20.3 1 1
route256/loms/internal/service/loms/notify_order_update.go:22.2,22.12 1 1
route256/loms/internal/service/loms/order_payed.go:10.72,14.16 3 0
route256/loms/internal/service/loms/order_payed.go:14.16,16.3 1 0
route256/loms/internal/service/loms/order_payed.go:18.2,18.34 1 0
route256/loms/internal/service/loms/order_payed.go:18.34,20.3 1 0
route256/loms/internal/service/loms/order_payed.go:22.2,22.86 1 0
route256/loms/internal/service/loms/order_payed.go:22.86,24.17 2 0
route256/loms/internal/service/loms/order_payed.go:24.17,26.4 1 0
route256/loms/internal/service/loms/order_payed.go:28.3,29.17 2 0
route256/loms/internal/service/loms/order_payed.go:29.17,31.4 1 0
route256/loms/internal/service/loms/order_payed.go:33.3,33.34 1 0
route256/loms/internal/service/loms/order_payed.go:33.34,35.18 2 0
route256/loms/internal/service/loms/order_payed.go:35.18,37.5 1 0
route256/loms/internal/service/loms/order_payed.go:40.3,40.13 1 0
route256/loms/internal/service/loms/order_payed.go:42.2,42.16 1 0
route256/loms/internal/service/loms/order_payed.go:42.16,44.3 1 0
route256/loms/internal/service/loms/order_payed.go:46.2,47.16 2 0
route256/loms/internal/service/loms/order_payed.go:47.16,49.3 1 0
route256/loms/internal/service/loms/order_payed.go:51.2,53.12 2 0
route256/loms/internal/service/loms/service.go:46.87,52.2 1 0
route256/loms/internal/service/loms/stocks.go:10.86,14.16 3 0
route256/loms/internal/service/loms/stocks.go:14.16,16.3 1 0
route256/loms/internal/service/loms/stocks.go:18.2,18.23 1 0
